INFO 2019-03-21 19:56:06,171 basehttp 154 "GET / HTTP/1.1" 200 16348
INFO 2019-03-21 19:56:06,275 basehttp 154 "GET /static/admin/css/fonts.css HTTP/1.1" 304 0
INFO 2019-03-21 19:56:06,345 basehttp 154 "GET /static/admin/fonts/Roboto-Bold-webfont.woff HTTP/1.1" 304 0
INFO 2019-03-21 19:56:06,351 basehttp 154 "GET /static/admin/fonts/Roboto-Regular-webfont.woff HTTP/1.1" 304 0
INFO 2019-03-21 19:56:06,352 basehttp 154 "GET /static/admin/fonts/Roboto-Light-webfont.woff HTTP/1.1" 304 0
INFO 2019-03-21 20:18:57,881 basehttp 154 "GET / HTTP/1.1" 200 16348
INFO 2019-03-21 20:18:57,912 basehttp 154 "GET /static/admin/css/fonts.css HTTP/1.1" 304 0
INFO 2019-03-21 20:18:57,943 basehttp 154 "GET /static/admin/fonts/Roboto-Bold-webfont.woff HTTP/1.1" 304 0
INFO 2019-03-21 20:18:57,948 basehttp 154 "GET /static/admin/fonts/Roboto-Regular-webfont.woff HTTP/1.1" 304 0
INFO 2019-03-21 20:18:57,950 basehttp 154 "GET /static/admin/fonts/Roboto-Light-webfont.woff HTTP/1.1" 304 0
INFO 2019-03-21 20:19:12,562 basehttp 154 "GET / HTTP/1.1" 200 16348
INFO 2019-03-21 20:19:24,379 basehttp 154 "GET / HTTP/1.1" 200 16348
INFO 2019-03-21 20:21:54,515 basehttp 154 "GET / HTTP/1.1" 200 16348
INFO 2019-03-21 20:21:56,283 basehttp 154 "GET / HTTP/1.1" 200 16348
INFO 2019-03-21 20:22:32,005 basehttp 154 "GET / HTTP/1.1" 200 16348
INFO 2019-03-21 20:52:02,753 basehttp 154 "GET / HTTP/1.1" 200 16348
INFO 2019-03-21 20:52:02,854 basehttp 154 "GET /static/admin/css/fonts.css HTTP/1.1" 304 0
INFO 2019-03-21 20:52:02,907 basehttp 154 "GET /static/admin/fonts/Roboto-Bold-webfont.woff HTTP/1.1" 304 0
INFO 2019-03-21 20:52:02,916 basehttp 154 "GET /static/admin/fonts/Roboto-Regular-webfont.woff HTTP/1.1" 304 0
INFO 2019-03-21 20:52:02,917 basehttp 154 "GET /static/admin/fonts/Roboto-Light-webfont.woff HTTP/1.1" 304 0
WARNING 2019-03-21 20:52:03,252 log 228 Not Found: /favicon.ico
WARNING 2019-03-21 20:52:03,253 basehttp 154 "GET /favicon.ico HTTP/1.1" 404 1971
INFO 2019-03-24 16:42:00,295 basehttp 154 "GET / HTTP/1.1" 200 16348
INFO 2019-03-24 16:42:00,409 basehttp 154 "GET /static/admin/css/fonts.css HTTP/1.1" 304 0
INFO 2019-03-24 16:42:00,509 basehttp 154 "GET /static/admin/fonts/Roboto-Bold-webfont.woff HTTP/1.1" 200 82564
INFO 2019-03-24 16:42:00,513 basehttp 154 "GET /static/admin/fonts/Roboto-Regular-webfont.woff HTTP/1.1" 200 80304
INFO 2019-03-24 16:42:00,521 basehttp 154 "GET /static/admin/fonts/Roboto-Light-webfont.woff HTTP/1.1" 200 81348
WARNING 2019-03-24 16:42:01,151 log 228 Not Found: /favicon.ico
WARNING 2019-03-24 16:42:01,152 basehttp 154 "GET /favicon.ico HTTP/1.1" 404 1971
ERROR 2019-03-24 16:43:09,503 exception 77 Invalid HTTP_HOST header: 'api.luffycity.cn:8000'. You may need to add 'api.luffycity.cn' to ALLOWED_HOSTS.
WARNING 2019-03-24 16:43:09,583 log 228 Bad Request: /
WARNING 2019-03-24 16:43:09,584 basehttp 154 "GET / HTTP/1.1" 400 66270
ERROR 2019-03-24 16:43:10,353 exception 77 Invalid HTTP_HOST header: 'api.luffycity.cn:8000'. You may need to add 'api.luffycity.cn' to ALLOWED_HOSTS.
WARNING 2019-03-24 16:43:10,408 log 228 Bad Request: /favicon.ico
WARNING 2019-03-24 16:43:10,409 basehttp 154 "GET /favicon.ico HTTP/1.1" 400 66355
ERROR 2019-03-24 16:44:49,520 exception 77 Invalid HTTP_HOST header: 'api.luffycity.cn:8000'. You may need to add 'api.luffycity.cn' to ALLOWED_HOSTS.
WARNING 2019-03-24 16:44:49,568 log 228 Bad Request: /
WARNING 2019-03-24 16:44:49,569 basehttp 154 "GET / HTTP/1.1" 400 66405
ERROR 2019-03-24 16:44:49,848 exception 77 Invalid HTTP_HOST header: 'api.luffycity.cn:8000'. You may need to add 'api.luffycity.cn' to ALLOWED_HOSTS.
WARNING 2019-03-24 16:44:49,893 log 228 Bad Request: /favicon.ico
WARNING 2019-03-24 16:44:49,894 basehttp 154 "GET /favicon.ico HTTP/1.1" 400 66355
ERROR 2019-03-24 16:44:51,893 exception 77 Invalid HTTP_HOST header: 'api.luffycity.cn:8000'. You may need to add 'api.luffycity.cn' to ALLOWED_HOSTS.
WARNING 2019-03-24 16:44:51,938 log 228 Bad Request: /
WARNING 2019-03-24 16:44:51,939 basehttp 154 "GET / HTTP/1.1" 400 66405
ERROR 2019-03-24 16:44:52,120 exception 77 Invalid HTTP_HOST header: 'api.luffycity.cn:8000'. You may need to add 'api.luffycity.cn' to ALLOWED_HOSTS.
WARNING 2019-03-24 16:44:52,172 log 228 Bad Request: /favicon.ico
WARNING 2019-03-24 16:44:52,173 basehttp 154 "GET /favicon.ico HTTP/1.1" 400 66355
ERROR 2019-03-24 16:46:57,266 exception 77 Invalid HTTP_HOST header: 'api.luffycity.cn:8000'. You may need to add 'api.luffycity.cn' to ALLOWED_HOSTS.
WARNING 2019-03-24 16:46:57,317 log 228 Bad Request: /
WARNING 2019-03-24 16:46:57,319 basehttp 154 "GET / HTTP/1.1" 400 66968
ERROR 2019-03-24 16:46:57,606 exception 77 Invalid HTTP_HOST header: 'api.luffycity.cn:8000'. You may need to add 'api.luffycity.cn' to ALLOWED_HOSTS.
WARNING 2019-03-24 16:46:57,649 log 228 Bad Request: /favicon.ico
WARNING 2019-03-24 16:46:57,650 basehttp 154 "GET /favicon.ico HTTP/1.1" 400 66918
ERROR 2019-03-24 16:47:27,828 exception 77 Invalid HTTP_HOST header: 'api.luffycity.cn:8000'. You may need to add 'api.luffycity.cn' to ALLOWED_HOSTS.
WARNING 2019-03-24 16:47:27,876 log 228 Bad Request: /
WARNING 2019-03-24 16:47:27,877 basehttp 154 "GET / HTTP/1.1" 400 66968
ERROR 2019-03-24 16:47:28,086 exception 77 Invalid HTTP_HOST header: 'api.luffycity.cn:8000'. You may need to add 'api.luffycity.cn' to ALLOWED_HOSTS.
WARNING 2019-03-24 16:47:28,130 log 228 Bad Request: /favicon.ico
WARNING 2019-03-24 16:47:28,131 basehttp 154 "GET /favicon.ico HTTP/1.1" 400 66918
ERROR 2019-03-24 16:47:42,785 exception 77 Invalid HTTP_HOST header: 'api.luffycity.cn:8000'. You may need to add 'api.luffycity.cn' to ALLOWED_HOSTS.
WARNING 2019-03-24 16:47:42,835 log 228 Bad Request: /
WARNING 2019-03-24 16:47:42,836 basehttp 154 "GET / HTTP/1.1" 400 66833
ERROR 2019-03-24 16:47:43,481 exception 77 Invalid HTTP_HOST header: 'api.luffycity.cn:8000'. You may need to add 'api.luffycity.cn' to ALLOWED_HOSTS.
WARNING 2019-03-24 16:47:43,531 log 228 Bad Request: /favicon.ico
WARNING 2019-03-24 16:47:43,532 basehttp 154 "GET /favicon.ico HTTP/1.1" 400 66918
ERROR 2019-03-24 16:47:59,228 exception 77 Invalid HTTP_HOST header: 'api.luffycity.cn:8000'. You may need to add 'api.luffycity.cn' to ALLOWED_HOSTS.
WARNING 2019-03-24 16:47:59,294 log 228 Bad Request: /
WARNING 2019-03-24 16:47:59,296 basehttp 154 "GET / HTTP/1.1" 400 66978
ERROR 2019-03-24 16:47:59,579 exception 77 Invalid HTTP_HOST header: 'api.luffycity.cn:8000'. You may need to add 'api.luffycity.cn' to ALLOWED_HOSTS.
WARNING 2019-03-24 16:47:59,637 log 228 Bad Request: /favicon.ico
WARNING 2019-03-24 16:47:59,639 basehttp 154 "GET /favicon.ico HTTP/1.1" 400 66928
ERROR 2019-03-24 16:48:41,846 exception 77 Invalid HTTP_HOST header: 'api.luffycity.cn:8000'. You may need to add 'api.luffycity.cn' to ALLOWED_HOSTS.
WARNING 2019-03-24 16:48:41,907 log 228 Bad Request: /
WARNING 2019-03-24 16:48:41,909 basehttp 154 "GET / HTTP/1.1" 400 66978
ERROR 2019-03-24 16:48:42,170 exception 77 Invalid HTTP_HOST header: 'api.luffycity.cn:8000'. You may need to add 'api.luffycity.cn' to ALLOWED_HOSTS.
WARNING 2019-03-24 16:48:42,229 log 228 Bad Request: /favicon.ico
WARNING 2019-03-24 16:48:42,230 basehttp 154 "GET /favicon.ico HTTP/1.1" 400 66928
ERROR 2019-03-24 16:48:43,378 exception 77 Invalid HTTP_HOST header: 'api.luffycity.cn:8000'. You may need to add 'api.luffycity.cn' to ALLOWED_HOSTS.
WARNING 2019-03-24 16:48:43,437 log 228 Bad Request: /
WARNING 2019-03-24 16:48:43,438 basehttp 154 "GET / HTTP/1.1" 400 66978
ERROR 2019-03-24 16:48:43,724 exception 77 Invalid HTTP_HOST header: 'api.luffycity.cn:8000'. You may need to add 'api.luffycity.cn' to ALLOWED_HOSTS.
WARNING 2019-03-24 16:48:43,779 log 228 Bad Request: /favicon.ico
WARNING 2019-03-24 16:48:43,780 basehttp 154 "GET /favicon.ico HTTP/1.1" 400 66928
INFO 2019-03-24 16:48:55,960 basehttp 154 "GET / HTTP/1.1" 200 16348
INFO 2019-03-24 16:48:56,010 basehttp 154 "GET /static/admin/css/fonts.css HTTP/1.1" 200 423
INFO 2019-03-24 16:48:56,057 basehttp 154 "GET /static/admin/fonts/Roboto-Bold-webfont.woff HTTP/1.1" 200 82564
INFO 2019-03-24 16:48:56,059 basehttp 154 "GET /static/admin/fonts/Roboto-Regular-webfont.woff HTTP/1.1" 200 80304
INFO 2019-03-24 16:48:56,062 basehttp 154 "GET /static/admin/fonts/Roboto-Light-webfont.woff HTTP/1.1" 200 81348
WARNING 2019-03-24 16:48:56,430 log 228 Not Found: /favicon.ico
WARNING 2019-03-24 16:48:56,431 basehttp 154 "GET /favicon.ico HTTP/1.1" 404 1978
INFO 2019-03-24 16:49:14,980 basehttp 154 "GET / HTTP/1.1" 200 16348
INFO 2019-03-24 16:49:15,028 basehttp 154 "GET /static/admin/css/fonts.css HTTP/1.1" 200 423
INFO 2019-03-24 16:49:15,065 basehttp 154 "GET /static/admin/fonts/Roboto-Bold-webfont.woff HTTP/1.1" 200 82564
INFO 2019-03-24 16:49:15,066 basehttp 154 "GET /static/admin/fonts/Roboto-Regular-webfont.woff HTTP/1.1" 200 80304
INFO 2019-03-24 16:49:15,068 basehttp 154 "GET /static/admin/fonts/Roboto-Light-webfont.woff HTTP/1.1" 200 81348
WARNING 2019-03-24 16:49:15,201 log 228 Not Found: /favicon.ico
WARNING 2019-03-24 16:49:15,202 basehttp 154 "GET /favicon.ico HTTP/1.1" 404 1978
